# JRE version: OpenJDK Runtime Environment (8.0_152-b01) (build 1.8.0_152-release-1248-b01)
# Java VM: OpenJDK 64-Bit Server VM (25.152-b01 mixed mode linux-amd64 compressed oops)
Heap:
 PSYoungGen      total 436224K, used 667K [0x00000000e0000000, 0x00000000fbe00000, 0x0000000100000000)
  eden space 415744K, 0% used [0x00000000e0000000,0x00000000e0000000,0x00000000f9600000)
  from space 20480K, 3% used [0x00000000f9600000,0x00000000f96a6ef0,0x00000000faa00000)
  to   space 19456K, 0% used [0x00000000fab00000,0x00000000fab00000,0x00000000fbe00000)
 ParOldGen       total 102912K, used 71090K [0x00000000a0000000, 0x00000000a6480000, 0x00000000e0000000)
  object space 102912K, 69% used [0x00000000a0000000,0x00000000a456c888,0x00000000a6480000)
 Metaspace       used 91028K, capacity 96734K, committed 96944K, reserved 1134592K
  class space    used 11402K, capacity 12408K, committed 12464K, reserved 1048576K
GC Heap History (10 events):
Event: 18233,076 GC heap after
Heap after GC invocations=76 (full 4):
 PSYoungGen      total 313856K, used 4634K [0x00000000e0000000, 0x00000000f4980000, 0x0000000100000000)
  eden space 292352K, 0% used [0x00000000e0000000,0x00000000e0000000,0x00000000f1d80000)
  from space 21504K, 21% used [0x00000000f3300000,0x00000000f3786b88,0x00000000f4800000)
  to   space 22016K, 0% used [0x00000000f1d80000,0x00000000f1d80000,0x00000000f3300000)
 ParOldGen       total 102912K, used 67379K [0x00000000a0000000, 0x00000000a6480000, 0x00000000e0000000)
  object space 102912K, 65% used [0x00000000a0000000,0x00000000a41cceb8,0x00000000a6480000)
 Metaspace       used 90782K, capacity 96490K, committed 96688K, reserved 1134592K
  class space    used 11391K, capacity 12398K, committed 12464K, reserved 1048576K
}
Event: 18248,971 GC heap before
{Heap before GC invocations=77 (full 4):
 PSYoungGen      total 313856K, used 296986K [0x00000000e0000000, 0x00000000f4980000, 0x0000000100000000)
  eden space 292352K, 100% used [0x00000000e0000000,0x00000000f1d80000,0x00000000f1d80000)
  from space 21504K, 21% used [0x00000000f3300000,0x00000000f3786b88,0x00000000f4800000)
  to   space 22016K, 0% used [0x00000000f1d80000,0x00000000f1d80000,0x00000000f3300000)
 ParOldGen       total 102912K, used 67379K [0x00000000a0000000, 0x00000000a6480000, 0x00000000e0000000)
  object space 102912K, 65% used [0x00000000a0000000,0x00000000a41cceb8,0x00000000a6480000)
 Metaspace       used 90837K, capacity 96570K, committed 96688K, reserved 1134592K
  class space    used 11393K, capacity 12400K, committed 12464K, reserved 1048576K
Event: 18250,840 GC heap after
Heap after GC invocations=77 (full 4):
 PSYoungGen      total 314368K, used 10691K [0x00000000e0000000, 0x00000000f7e80000, 0x0000000100000000)
  eden space 292352K, 0% used [0x00000000e0000000,0x00000000e0000000,0x00000000f1d80000)
  from space 22016K, 48% used [0x00000000f1d80000,0x00000000f27f0db8,0x00000000f3300000)
  to   space 20992K, 0% used [0x00000000f6a00000,0x00000000f6a00000,0x00000000f7e80000)
 ParOldGen       total 102912K, used 67927K [0x00000000a0000000, 0x00000000a6480000, 0x00000000e0000000)
  object space 102912K, 66% used [0x00000000a0000000,0x00000000a4255ef8,0x00000000a6480000)
 Metaspace       used 90837K, capacity 96570K, committed 96688K, reserved 1134592K
  class space    used 11393K, capacity 12400K, committed 12464K, reserved 1048576K
}
Event: 18253,852 GC heap before
{Heap before GC invocations=78 (full 4):
 PSYoungGen      total 314368K, used 303043K [0x00000000e0000000, 0x00000000f7e80000, 0x0000000100000000)
  eden space 292352K, 100% used [0x00000000e0000000,0x00000000f1d80000,0x00000000f1d80000)
  from space 22016K, 48% used [0x00000000f1d80000,0x00000000f27f0db8,0x00000000f3300000)
  to   space 20992K, 0% used [0x00000000f6a00000,0x00000000f6a00000,0x00000000f7e80000)
 ParOldGen       total 102912K, used 67927K [0x00000000a0000000, 0x00000000a6480000, 0x00000000e0000000)
  object space 102912K, 66% used [0x00000000a0000000,0x00000000a4255f18,0x00000000a6480000)
 Metaspace       used 90880K, capacity 96638K, committed 96944K, reserved 1134592K
  class space    used 11393K, capacity 12400K, committed 12464K, reserved 1048576K
Event: 18253,880 GC heap after
Heap after GC invocations=78 (full 4):
 PSYoungGen      total 370176K, used 4149K [0x00000000e0000000, 0x00000000f7f00000, 0x0000000100000000)
  eden space 349184K, 0% used [0x00000000e0000000,0x00000000e0000000,0x00000000f5500000)
  from space 20992K, 19% used [0x00000000f6a00000,0x00000000f6e0d620,0x00000000f7e80000)
  to   space 21504K, 0% used [0x00000000f5500000,0x00000000f5500000,0x00000000f6a00000)
 ParOldGen       total 102912K, used 68311K [0x00000000a0000000, 0x00000000a6480000, 0x00000000e0000000)
  object space 102912K, 66% used [0x00000000a0000000,0x00000000a42b5f18,0x00000000a6480000)
 Metaspace       used 90880K, capacity 96638K, committed 96944K, reserved 1134592K
  class space    used 11393K, capacity 12400K, committed 12464K, reserved 1048576K
}
Event: 18262,976 GC heap before
{Heap before GC invocations=79 (full 4):
 PSYoungGen      total 370176K, used 353333K [0x00000000e0000000, 0x00000000f7f00000, 0x0000000100000000)
  eden space 349184K, 100% used [0x00000000e0000000,0x00000000f5500000,0x00000000f5500000)
  from space 20992K, 19% used [0x00000000f6a00000,0x00000000f6e0d620,0x00000000f7e80000)
  to   space 21504K, 0% used [0x00000000f5500000,0x00000000f5500000,0x00000000f6a00000)
 ParOldGen       total 102912K, used 68314K [0x00000000a0000000, 0x00000000a6480000, 0x00000000e0000000)
  object space 102912K, 66% used [0x00000000a0000000,0x00000000a42b6818,0x00000000a6480000)
 Metaspace       used 90906K, capacity 96654K, committed 96944K, reserved 1134592K
  class space    used 11395K, capacity 12404K, committed 12464K, reserved 1048576K
Event: 18264,317 GC heap after
Heap after GC invocations=79 (full 4):
 PSYoungGen      total 370688K, used 12031K [0x00000000e0000000, 0x00000000fbf80000, 0x0000000100000000)
  eden space 349184K, 0% used [0x00000000e0000000,0x00000000e0000000,0x00000000f5500000)
  from space 21504K, 55% used [0x00000000f5500000,0x00000000f60bfc68,0x00000000f6a00000)
  to   space 20992K, 0% used [0x00000000fab00000,0x00000000fab00000,0x00000000fbf80000)
 ParOldGen       total 102912K, used 69026K [0x00000000a0000000, 0x00000000a6480000, 0x00000000e0000000)
  object space 102912K, 67% used [0x00000000a0000000,0x00000000a4368838,0x00000000a6480000)
 Metaspace       used 90906K, capacity 96654K, committed 96944K, reserved 1134592K
  class space    used 11395K, capacity 12404K, committed 12464K, reserved 1048576K
}
Event: 18265,939 GC heap before
{Heap before GC invocations=80 (full 4):
 PSYoungGen      total 370688K, used 361215K [0x00000000e0000000, 0x00000000fbf80000, 0x0000000100000000)
  eden space 349184K, 100% used [0x00000000e0000000,0x00000000f5500000,0x00000000f5500000)
  from space 21504K, 55% used [0x00000000f5500000,0x00000000f60bfc68,0x00000000f6a00000)
  to   space 20992K, 0% used [0x00000000fab00000,0x00000000fab00000,0x00000000fbf80000)
 ParOldGen       total 102912K, used 69026K [0x00000000a0000000, 0x00000000a6480000, 0x00000000e0000000)
  object space 102912K, 67% used [0x00000000a0000000,0x00000000a4368838,0x00000000a6480000)
 Metaspace       used 90918K, capacity 96654K, committed 96944K, reserved 1134592K
  class space    used 11395K, capacity 12404K, committed 12464K, reserved 1048576K
Event: 18266,108 GC heap after
Heap after GC invocations=80 (full 4):
 PSYoungGen      total 435200K, used 7441K [0x00000000e0000000, 0x00000000fbe00000, 0x0000000100000000)
  eden space 415744K, 0% used [0x00000000e0000000,0x00000000e0000000,0x00000000f9600000)
  from space 19456K, 38% used [0x00000000fab00000,0x00000000fb244770,0x00000000fbe00000)
  to   space 20480K, 0% used [0x00000000f9600000,0x00000000f9600000,0x00000000faa00000)
 ParOldGen       total 102912K, used 70406K [0x00000000a0000000, 0x00000000a6480000, 0x00000000e0000000)
  object space 102912K, 68% used [0x00000000a0000000,0x00000000a44c1858,0x00000000a6480000)
 Metaspace       used 90918K, capacity 96654K, committed 96944K, reserved 1134592K
  class space    used 11395K, capacity 12404K, committed 12464K, reserved 1048576K
}
Event: 18319,427 GC heap before
{Heap before GC invocations=81 (full 4):
 PSYoungGen      total 435200K, used 423185K [0x00000000e0000000, 0x00000000fbe00000, 0x0000000100000000)
  eden space 415744K, 100% used [0x00000000e0000000,0x00000000f9600000,0x00000000f9600000)
  from space 19456K, 38% used [0x00000000fab00000,0x00000000fb244770,0x00000000fbe00000)
  to   space 20480K, 0% used [0x00000000f9600000,0x00000000f9600000,0x00000000faa00000)
 ParOldGen       total 102912K, used 70406K [0x00000000a0000000, 0x00000000a6480000, 0x00000000e0000000)
  object space 102912K, 68% used [0x00000000a0000000,0x00000000a44c1858,0x00000000a6480000)
 Metaspace       used 91028K, capacity 96734K, committed 96944K, reserved 1134592K
  class space    used 11402K, capacity 12408K, committed 12464K, reserved 1048576K

